0 info it worked if it ends with ok
1 verbose cli [ '/Users/hideyy/.nodebrew/current/bin/node',
1 verbose cli   '/Users/hideyy/.nodebrew/current/bin/npm',
1 verbose cli   'install',
1 verbose cli   'npm-sdk' ]
2 info using npm@2.0.0
3 info using node@v0.11.14
4 verbose node symlink /Users/hideyy/.nodebrew/current/bin/node
5 verbose cache add [ 'npm-sdk', null ]
6 verbose cache add spec="npm-sdk" args=["npm-sdk",null]
7 verbose parsed spec { raw: 'npm-sdk',
7 verbose parsed spec   scope: null,
7 verbose parsed spec   name: 'npm-sdk',
7 verbose parsed spec   rawSpec: '',
7 verbose parsed spec   spec: '*',
7 verbose parsed spec   type: 'range' }
8 verbose parsed spec { raw: 'npm-sdk',
8 verbose parsed spec   scope: null,
8 verbose parsed spec   name: 'npm-sdk',
8 verbose parsed spec   rawSpec: '',
8 verbose parsed spec   spec: '*',
8 verbose parsed spec   type: 'range' }
9 verbose addNamed [ 'npm-sdk', '*' ]
10 verbose addNamed [ null, '*' ]
11 silly lockFile a13e7bdb-npm-sdk npm-sdk@*
12 verbose lock npm-sdk@* /Users/hideyy/.npm/a13e7bdb-npm-sdk.lock
13 silly addNameRange { name: 'npm-sdk', range: '*', hasData: false }
14 verbose mapToRegistry name npm-sdk
15 verbose mapToRegistry uri https://registry.npmjs.org/npm-sdk
16 verbose request on initialization, where is /npm-sdk
17 verbose request after pass 1, where is /npm-sdk
18 verbose request url raw /npm-sdk
19 verbose request resolving registry [ 'https://registry.npmjs.org/', './npm-sdk' ]
20 verbose request after pass 2, where is https://registry.npmjs.org/npm-sdk
21 verbose request no auth needed
22 info attempt registry request try #1 at 09:23:40
23 verbose request id 2bd3633c1d8f5f62
24 http request GET https://registry.npmjs.org/npm-sdk
25 http 404 https://registry.npmjs.org/npm-sdk
26 verbose headers { date: 'Sun, 01 Mar 2015 00:23:38 GMT',
26 verbose headers   server: 'CouchDB/1.5.0 (Erlang OTP/R16B03)',
26 verbose headers   'content-type': 'application/json',
26 verbose headers   'cache-control': 'max-age=0',
26 verbose headers   'content-length': '52',
26 verbose headers   'accept-ranges': 'bytes',
26 verbose headers   via: '1.1 varnish',
26 verbose headers   age: '0',
26 verbose headers   'x-served-by': 'cache-nrt6120-NRT',
26 verbose headers   'x-cache': 'MISS',
26 verbose headers   'x-cache-hits': '0',
26 verbose headers   'x-timer': 'S1425169417.832095,VS0,VE432',
26 verbose headers   connection: 'close' }
27 silly registry.get cb [ 404,
27 silly registry.get   { date: 'Sun, 01 Mar 2015 00:23:38 GMT',
27 silly registry.get     server: 'CouchDB/1.5.0 (Erlang OTP/R16B03)',
27 silly registry.get     'content-type': 'application/json',
27 silly registry.get     'cache-control': 'max-age=0',
27 silly registry.get     'content-length': '52',
27 silly registry.get     'accept-ranges': 'bytes',
27 silly registry.get     via: '1.1 varnish',
27 silly registry.get     age: '0',
27 silly registry.get     'x-served-by': 'cache-nrt6120-NRT',
27 silly registry.get     'x-cache': 'MISS',
27 silly registry.get     'x-cache-hits': '0',
27 silly registry.get     'x-timer': 'S1425169417.832095,VS0,VE432',
27 silly registry.get     connection: 'close' } ]
28 silly lockFile a13e7bdb-npm-sdk npm-sdk@*
29 silly lockFile a13e7bdb-npm-sdk npm-sdk@*
30 verbose stack Error: 404 Not Found: npm-sdk
30 verbose stack     at RegClient.<anonymous> (/Users/hideyy/.nodebrew/node/v0.11.14/lib/node_modules/npm/node_modules/npm-registry-client/lib/request.js:259:14)
30 verbose stack     at Request._callback (/Users/hideyy/.nodebrew/node/v0.11.14/lib/node_modules/npm/node_modules/npm-registry-client/lib/request.js:198:65)
30 verbose stack     at Request.self.callback (/Users/hideyy/.nodebrew/node/v0.11.14/lib/node_modules/npm/node_modules/request/request.js:236:22)
30 verbose stack     at Request.emit (events.js:110:17)
30 verbose stack     at Request.<anonymous> (/Users/hideyy/.nodebrew/node/v0.11.14/lib/node_modules/npm/node_modules/request/request.js:1142:14)
30 verbose stack     at Request.emit (events.js:129:20)
30 verbose stack     at IncomingMessage.<anonymous> (/Users/hideyy/.nodebrew/node/v0.11.14/lib/node_modules/npm/node_modules/request/request.js:1096:12)
30 verbose stack     at IncomingMessage.emit (events.js:129:20)
30 verbose stack     at _stream_readable.js:907:16
30 verbose stack     at process._tickCallback (node.js:372:11)
31 verbose statusCode 404
32 verbose pkgid npm-sdk
33 verbose cwd /Users/hideyy/dev/jawsdays2015-handson-2
34 error Darwin 13.4.0
35 error argv "/Users/hideyy/.nodebrew/current/bin/node" "/Users/hideyy/.nodebrew/current/bin/npm" "install" "npm-sdk"
36 error node v0.11.14
37 error npm  v2.0.0
38 error code E404
39 error 404 Not Found: npm-sdk
39 error 404
39 error 404 'npm-sdk' is not in the npm registry.
39 error 404 You should bug the author to publish it (or use the name yourself!)
39 error 404
39 error 404 Note that you can also install from a
39 error 404 tarball, folder, http url, or git url.
40 verbose exit [ 1, true ]
